Using pre-set license

 COMMAND LINE ARGUMENTS:
/Applications/Unity/Hub/Editor/2021.1.7f1/Unity.app/Contents/MacOS/Unity
-adb2
-batchMode
-noUpm
-name
AssetImportWorker1
-projectPath
/Users/simon.stoyanov/Documents/GitHub/Collect/Collect-2D-HD
-logFile
Logs/AssetImportWorker1.log
-srvPort
50207
Successfully changed project path to: /Users/simon.stoyanov/Documents/GitHub/Collect/Collect-2D-HD
/Users/simon.stoyanov/Documents/GitHub/Collect/Collect-2D-HD
Using Asset Import Pipeline V2.
Refreshing native plugins compatible for Editor in 136.11 ms, found 1 plugins.
Preloading 0 native plugins for Editor in 0.00 ms.
Initialize engine version: 2021.1.7f1 (d91830b65d9b)
[Subsystems] Discovering subsystems at path /Applications/Unity/Hub/Editor/2021.1.7f1/Unity.app/Contents/Resources/UnitySubsystems
[Subsystems] Discovering subsystems at path /Users/simon.stoyanov/Documents/GitHub/Collect/Collect-2D-HD/Assets
GfxDevice: creating device client; threaded=0; jobified=0
2021-06-07 17:34:58.719 Unity[16552:1280323] Color LCD preferred device: AMD Radeon Pro 560X (high power)
2021-06-07 17:34:58.719 Unity[16552:1280323] Metal devices available: 2
2021-06-07 17:34:58.719 Unity[16552:1280323] 0: AMD Radeon Pro 560X (high power)
2021-06-07 17:34:58.719 Unity[16552:1280323] 1: Intel(R) UHD Graphics 630 (low power)
2021-06-07 17:34:58.720 Unity[16552:1280323] Using device AMD Radeon Pro 560X (high power)
Initializing Metal device caps: AMD Radeon Pro 560X
Initialize mono
Mono path[0] = '/Applications/Unity/Hub/Editor/2021.1.7f1/Unity.app/Contents/Managed'
Mono path[1] = '/Applications/Unity/Hub/Editor/2021.1.7f1/Unity.app/Contents/MonoBleedingEdge/lib/mono/unityjit'
Mono config path = '/Applications/Unity/Hub/Editor/2021.1.7f1/Unity.app/Contents/MonoBleedingEdge/etc'
Using monoOptions --debugger-agent=transport=dt_socket,embedding=1,server=y,suspend=n,address=127.0.0.1:56552
Begin MonoManager ReloadAssembly
Registering precompiled unity dll's ...
Register platform support module: /Applications/Unity/Hub/Editor/2021.1.7f1/PlaybackEngines/WebGLSupport/UnityEditor.WebGL.Extensions.dll
Register platform support module: /Applications/Unity/Hub/Editor/2021.1.7f1/Unity.app/Contents/PlaybackEngines/MacStandaloneSupport/UnityEditor.OSXStandalone.Extensions.dll
Register platform support module: /Applications/Unity/Hub/Editor/2021.1.7f1/PlaybackEngines/WindowsStandaloneSupport/UnityEditor.WindowsStandalone.Extensions.dll
Registered in 0.004121 seconds.
Native extension for WindowsStandalone target not found
Native extension for OSXStandalone target not found
Native extension for WebGL target not found
Refreshing native plugins compatible for Editor in 85.31 ms, found 1 plugins.
Preloading 0 native plugins for Editor in 0.00 ms.
Mono: successfully reloaded assembly
- Completed reload, in  3.643 seconds
Platform modules already initialized, skipping
Registering precompiled user dll's ...
Registered in 0.004462 seconds.
Begin MonoManager ReloadAssembly
Native extension for WindowsStandalone target not found
Native extension for OSXStandalone target not found
Native extension for WebGL target not found
Refreshing native plugins compatible for Editor in 101.88 ms, found 1 plugins.
Preloading 0 native plugins for Editor in 0.00 ms.
Mono: successfully reloaded assembly
- Completed reload, in  1.807 seconds
Platform modules already initialized, skipping
========================================================================
Worker process is ready to serve import requests
Launching external process: /Applications/Unity/Hub/Editor/2021.1.7f1/Unity.app/Contents/Tools/UnityShaderCompiler
Launched and connected shader compiler UnityShaderCompiler after 0.03 seconds
Refreshing native plugins compatible for Editor in 0.78 ms, found 1 plugins.
Preloading 0 native plugins for Editor in 0.00 ms.
Unloading 4046 Unused Serialized files (Serialized files now loaded: 0)
System memory in use before: 270.6 MB.
System memory in use after: 270.8 MB.

Unloading 52 unused Assets to reduce memory usage. Loaded Objects now: 4495.
Total: 7.914881 ms (FindLiveObjects: 0.341396 ms CreateObjectMapping: 0.254933 ms MarkObjects: 7.232039 ms  DeleteObjects: 0.085207 ms)

AssetImportParameters requested are different than current active one (requested -> active):
  custom:srp/default-shader: 0d000000000000000000000000000000 -> 00a0da0d000000000000000000000000
========================================================================
Received Import Request.
  path: Assets/Enemies
  artifactKey: Guid(be7cfc3497b0144ba9f012aa14c39bae) Importer(815301076,1909f56bfc062723c751e8b465ee728b)
Start importing Assets/Enemies using Guid(be7cfc3497b0144ba9f012aa14c39bae) Importer(815301076,1909f56bfc062723c751e8b465ee728b)  -> (artifact id: '1756787c71e709ce4c69c4aa9f9a7159') in 0.007159 seconds 
========================================================================
Received Import Request.
  Time since last request: 0.730179 seconds.
  path: Assets/Enemies/Slime.asset
  artifactKey: Guid(9ba6a8b28e370489e97a48de7fd643fd) Importer(815301076,1909f56bfc062723c751e8b465ee728b)
Start importing Assets/Enemies/Slime.asset using Guid(9ba6a8b28e370489e97a48de7fd643fd) Importer(815301076,1909f56bfc062723c751e8b465ee728b)  -> (artifact id: '14e8b770b47687b0295285eb77e6d0d6') in 0.269203 seconds 
========================================================================
Received Prepare
Registering precompiled user dll's ...
Registered in 0.001388 seconds.
Begin MonoManager ReloadAssembly
Native extension for WindowsStandalone target not found
Native extension for OSXStandalone target not found
Native extension for WebGL target not found
Refreshing native plugins compatible for Editor in 0.82 ms, found 1 plugins.
Preloading 0 native plugins for Editor in 0.00 ms.
Mono: successfully reloaded assembly
- Completed reload, in  1.670 seconds
Platform modules already initialized, skipping
Refreshing native plugins compatible for Editor in 0.82 ms, found 1 plugins.
Preloading 0 native plugins for Editor in 0.00 ms.
Unloading 3943 Unused Serialized files (Serialized files now loaded: 0)
System memory in use before: 265.9 MB.
System memory in use after: 266.1 MB.

Unloading 42 unused Assets to reduce memory usage. Loaded Objects now: 4499.
Total: 8.710405 ms (FindLiveObjects: 0.463921 ms CreateObjectMapping: 0.305098 ms MarkObjects: 7.893391 ms  DeleteObjects: 0.046241 ms)

AssetImportParameters requested are different than current active one (requested -> active):
  custom:srp/default-shader: 0d000000000000000000000000000000 -> 00a0da0d000000000000000000000000
========================================================================
Received Prepare
Registering precompiled user dll's ...
Registered in 0.001644 seconds.
Begin MonoManager ReloadAssembly
Native extension for WindowsStandalone target not found
Native extension for OSXStandalone target not found
Native extension for WebGL target not found
Refreshing native plugins compatible for Editor in 1.36 ms, found 1 plugins.
Preloading 0 native plugins for Editor in 0.00 ms.
Mono: successfully reloaded assembly
- Completed reload, in  1.799 seconds
Platform modules already initialized, skipping
Refreshing native plugins compatible for Editor in 0.81 ms, found 1 plugins.
Preloading 0 native plugins for Editor in 0.00 ms.
Unloading 3943 Unused Serialized files (Serialized files now loaded: 0)
System memory in use before: 266.4 MB.
System memory in use after: 266.6 MB.

Unloading 42 unused Assets to reduce memory usage. Loaded Objects now: 4503.
Total: 7.256794 ms (FindLiveObjects: 0.290470 ms CreateObjectMapping: 0.213737 ms MarkObjects: 6.709609 ms  DeleteObjects: 0.041842 ms)

AssetImportParameters requested are different than current active one (requested -> active):
  custom:srp/default-shader: 0d000000000000000000000000000000 -> 00a0da0d000000000000000000000000
========================================================================
Received Prepare
Registering precompiled user dll's ...
Registered in 0.001597 seconds.
Begin MonoManager ReloadAssembly
Native extension for WindowsStandalone target not found
Native extension for OSXStandalone target not found
Native extension for WebGL target not found
Refreshing native plugins compatible for Editor in 0.82 ms, found 1 plugins.
Preloading 0 native plugins for Editor in 0.00 ms.
Mono: successfully reloaded assembly
- Completed reload, in  1.517 seconds
Platform modules already initialized, skipping
Refreshing native plugins compatible for Editor in 0.82 ms, found 1 plugins.
Preloading 0 native plugins for Editor in 0.00 ms.
Unloading 3943 Unused Serialized files (Serialized files now loaded: 0)
System memory in use before: 266.6 MB.
System memory in use after: 266.8 MB.

Unloading 42 unused Assets to reduce memory usage. Loaded Objects now: 4506.
Total: 7.921579 ms (FindLiveObjects: 0.302790 ms CreateObjectMapping: 0.233327 ms MarkObjects: 7.336752 ms  DeleteObjects: 0.047625 ms)

========================================================================
Received Prepare
Refreshing native plugins compatible for Editor in 4.37 ms, found 1 plugins.
Preloading 0 native plugins for Editor in 0.00 ms.
Unloading 39 Unused Serialized files (Serialized files now loaded: 0)
System memory in use before: 189.5 MB.
System memory in use after: 189.7 MB.

Unloading 39 unused Assets to reduce memory usage. Loaded Objects now: 4506.
Total: 6.046667 ms (FindLiveObjects: 0.257058 ms CreateObjectMapping: 0.177208 ms MarkObjects: 5.575015 ms  DeleteObjects: 0.036532 ms)

AssetImportParameters requested are different than current active one (requested -> active):
  custom:srp/default-shader: 0d000000000000000000000000000000 -> 00a0da0d000000000000000000000000
========================================================================
Received Prepare
Registering precompiled user dll's ...
Registered in 0.001762 seconds.
Begin MonoManager ReloadAssembly
Native extension for WindowsStandalone target not found
Native extension for OSXStandalone target not found
Native extension for WebGL target not found
Refreshing native plugins compatible for Editor in 0.86 ms, found 1 plugins.
Preloading 0 native plugins for Editor in 0.00 ms.
Mono: successfully reloaded assembly
- Completed reload, in  1.728 seconds
Platform modules already initialized, skipping
Refreshing native plugins compatible for Editor in 0.83 ms, found 1 plugins.
Preloading 0 native plugins for Editor in 0.00 ms.
Unloading 3943 Unused Serialized files (Serialized files now loaded: 0)
System memory in use before: 267.1 MB.
System memory in use after: 267.3 MB.

Unloading 42 unused Assets to reduce memory usage. Loaded Objects now: 4509.
Total: 7.574593 ms (FindLiveObjects: 0.291390 ms CreateObjectMapping: 0.207702 ms MarkObjects: 7.025400 ms  DeleteObjects: 0.048928 ms)

AssetImportParameters requested are different than current active one (requested -> active):
  custom:srp/default-shader: 0d000000000000000000000000000000 -> 00a0da0d000000000000000000000000
========================================================================
Received Prepare
Registering precompiled user dll's ...
Registered in 0.002092 seconds.
Begin MonoManager ReloadAssembly
Native extension for WindowsStandalone target not found
Native extension for OSXStandalone target not found
Native extension for WebGL target not found
Refreshing native plugins compatible for Editor in 0.86 ms, found 1 plugins.
Preloading 0 native plugins for Editor in 0.00 ms.
Mono: successfully reloaded assembly
- Completed reload, in  1.723 seconds
Platform modules already initialized, skipping
Refreshing native plugins compatible for Editor in 0.81 ms, found 1 plugins.
Preloading 0 native plugins for Editor in 0.00 ms.
Unloading 3943 Unused Serialized files (Serialized files now loaded: 0)
System memory in use before: 267.4 MB.
System memory in use after: 267.6 MB.

Unloading 42 unused Assets to reduce memory usage. Loaded Objects now: 4512.
Total: 6.040833 ms (FindLiveObjects: 0.262862 ms CreateObjectMapping: 0.171274 ms MarkObjects: 5.564407 ms  DeleteObjects: 0.041374 ms)

AssetImportParameters requested are different than current active one (requested -> active):
  custom:srp/default-shader: 0d000000000000000000000000000000 -> 00a0da0d000000000000000000000000
========================================================================
Received Prepare
Registering precompiled user dll's ...
Registered in 0.001459 seconds.
Begin MonoManager ReloadAssembly
Native extension for WindowsStandalone target not found
Native extension for OSXStandalone target not found
Native extension for WebGL target not found
Refreshing native plugins compatible for Editor in 0.81 ms, found 1 plugins.
Preloading 0 native plugins for Editor in 0.00 ms.
Mono: successfully reloaded assembly
- Completed reload, in  1.742 seconds
Platform modules already initialized, skipping
Refreshing native plugins compatible for Editor in 0.83 ms, found 1 plugins.
Preloading 0 native plugins for Editor in 0.00 ms.
Unloading 3943 Unused Serialized files (Serialized files now loaded: 0)
System memory in use before: 267.5 MB.
System memory in use after: 267.7 MB.

Unloading 42 unused Assets to reduce memory usage. Loaded Objects now: 4515.
Total: 8.210960 ms (FindLiveObjects: 0.320868 ms CreateObjectMapping: 0.248757 ms MarkObjects: 7.591597 ms  DeleteObjects: 0.048191 ms)

AssetImportParameters requested are different than current active one (requested -> active):
  custom:srp/default-shader: 0d000000000000000000000000000000 -> 00a0da0d000000000000000000000000
========================================================================
Received Prepare
Registering precompiled user dll's ...
Registered in 0.001537 seconds.
Begin MonoManager ReloadAssembly
Native extension for WindowsStandalone target not found
Native extension for OSXStandalone target not found
Native extension for WebGL target not found
Refreshing native plugins compatible for Editor in 0.86 ms, found 1 plugins.
Preloading 0 native plugins for Editor in 0.00 ms.
Mono: successfully reloaded assembly
- Completed reload, in  1.821 seconds
Platform modules already initialized, skipping
Refreshing native plugins compatible for Editor in 0.86 ms, found 1 plugins.
Preloading 0 native plugins for Editor in 0.00 ms.
Unloading 3943 Unused Serialized files (Serialized files now loaded: 0)
System memory in use before: 267.8 MB.
System memory in use after: 268.1 MB.

Unloading 42 unused Assets to reduce memory usage. Loaded Objects now: 4518.
Total: 7.755413 ms (FindLiveObjects: 0.327450 ms CreateObjectMapping: 0.232341 ms MarkObjects: 7.145296 ms  DeleteObjects: 0.048745 ms)

========================================================================
Received Prepare
Refreshing native plugins compatible for Editor in 6.60 ms, found 1 plugins.
Preloading 0 native plugins for Editor in 0.00 ms.
Unloading 39 Unused Serialized files (Serialized files now loaded: 0)
System memory in use before: 190.7 MB.
System memory in use after: 191.0 MB.

Unloading 39 unused Assets to reduce memory usage. Loaded Objects now: 4518.
Total: 8.019761 ms (FindLiveObjects: 0.341229 ms CreateObjectMapping: 0.248061 ms MarkObjects: 7.378626 ms  DeleteObjects: 0.050528 ms)

AssetImportParameters requested are different than current active one (requested -> active):
  custom:srp/default-shader: 0d000000000000000000000000000000 -> 00a0da0d000000000000000000000000
========================================================================
Received Prepare
Registering precompiled user dll's ...
Registered in 0.001608 seconds.
Begin MonoManager ReloadAssembly
Native extension for WindowsStandalone target not found
Native extension for OSXStandalone target not found
Native extension for WebGL target not found
Refreshing native plugins compatible for Editor in 0.95 ms, found 1 plugins.
Preloading 0 native plugins for Editor in 0.00 ms.
Mono: successfully reloaded assembly
- Completed reload, in  1.636 seconds
Platform modules already initialized, skipping
Refreshing native plugins compatible for Editor in 0.81 ms, found 1 plugins.
Preloading 0 native plugins for Editor in 0.00 ms.
Unloading 3943 Unused Serialized files (Serialized files now loaded: 0)
System memory in use before: 268.3 MB.
System memory in use after: 268.5 MB.

Unloading 42 unused Assets to reduce memory usage. Loaded Objects now: 4521.
Total: 7.503536 ms (FindLiveObjects: 0.314066 ms CreateObjectMapping: 0.223464 ms MarkObjects: 6.923085 ms  DeleteObjects: 0.041893 ms)

AssetImportParameters requested are different than current active one (requested -> active):
  custom:srp/default-shader: 0d000000000000000000000000000000 -> 00a0da0d000000000000000000000000
========================================================================
Received Prepare
Registering precompiled user dll's ...
Registered in 0.003100 seconds.
Begin MonoManager ReloadAssembly
Native extension for WindowsStandalone target not found
Native extension for OSXStandalone target not found
Native extension for WebGL target not found
Refreshing native plugins compatible for Editor in 0.80 ms, found 1 plugins.
Preloading 0 native plugins for Editor in 0.00 ms.
Mono: successfully reloaded assembly
- Completed reload, in  1.788 seconds
Platform modules already initialized, skipping
Refreshing native plugins compatible for Editor in 0.92 ms, found 1 plugins.
Preloading 0 native plugins for Editor in 0.00 ms.
Unloading 3943 Unused Serialized files (Serialized files now loaded: 0)
System memory in use before: 268.5 MB.
System memory in use after: 268.7 MB.

Unloading 42 unused Assets to reduce memory usage. Loaded Objects now: 4524.
Total: 8.389435 ms (FindLiveObjects: 0.326433 ms CreateObjectMapping: 0.192988 ms MarkObjects: 7.813576 ms  DeleteObjects: 0.054689 ms)

AssetImportParameters requested are different than current active one (requested -> active):
  custom:srp/default-shader: 0d000000000000000000000000000000 -> 00a0da0d000000000000000000000000
========================================================================
Received Prepare
Registering precompiled user dll's ...
Registered in 0.001646 seconds.
Begin MonoManager ReloadAssembly
Native extension for WindowsStandalone target not found
Native extension for OSXStandalone target not found
Native extension for WebGL target not found
Refreshing native plugins compatible for Editor in 0.96 ms, found 1 plugins.
Preloading 0 native plugins for Editor in 0.00 ms.
Mono: successfully reloaded assembly
- Completed reload, in  1.970 seconds
Platform modules already initialized, skipping
Refreshing native plugins compatible for Editor in 0.82 ms, found 1 plugins.
Preloading 0 native plugins for Editor in 0.00 ms.
Unloading 3943 Unused Serialized files (Serialized files now loaded: 0)
System memory in use before: 268.9 MB.
System memory in use after: 269.2 MB.

Unloading 42 unused Assets to reduce memory usage. Loaded Objects now: 4527.
Total: 7.657585 ms (FindLiveObjects: 0.345956 ms CreateObjectMapping: 0.276267 ms MarkObjects: 6.989984 ms  DeleteObjects: 0.044082 ms)

AssetImportParameters requested are different than current active one (requested -> active):
  custom:srp/default-shader: 0d000000000000000000000000000000 -> 00a0da0d000000000000000000000000
========================================================================
Received Prepare
Registering precompiled user dll's ...
Registered in 0.001527 seconds.
Begin MonoManager ReloadAssembly
Native extension for WindowsStandalone target not found
Native extension for OSXStandalone target not found
Native extension for WebGL target not found
Refreshing native plugins compatible for Editor in 0.82 ms, found 1 plugins.
Preloading 0 native plugins for Editor in 0.00 ms.
Mono: successfully reloaded assembly
- Completed reload, in  1.755 seconds
Platform modules already initialized, skipping
Refreshing native plugins compatible for Editor in 0.84 ms, found 1 plugins.
Preloading 0 native plugins for Editor in 0.00 ms.
Unloading 3943 Unused Serialized files (Serialized files now loaded: 0)
System memory in use before: 269.0 MB.
System memory in use after: 269.3 MB.

Unloading 42 unused Assets to reduce memory usage. Loaded Objects now: 4530.
Total: 7.700183 ms (FindLiveObjects: 0.316497 ms CreateObjectMapping: 0.217879 ms MarkObjects: 7.117555 ms  DeleteObjects: 0.047249 ms)

AssetImportParameters requested are different than current active one (requested -> active):
  custom:srp/default-shader: 0d000000000000000000000000000000 -> 00a0da0d000000000000000000000000
========================================================================
Received Prepare
Registering precompiled user dll's ...
Registered in 0.001939 seconds.
Begin MonoManager ReloadAssembly
Native extension for WindowsStandalone target not found
Native extension for OSXStandalone target not found
Native extension for WebGL target not found
Refreshing native plugins compatible for Editor in 0.82 ms, found 1 plugins.
Preloading 0 native plugins for Editor in 0.00 ms.
Mono: successfully reloaded assembly
- Completed reload, in  1.696 seconds
Platform modules already initialized, skipping
Refreshing native plugins compatible for Editor in 0.87 ms, found 1 plugins.
Preloading 0 native plugins for Editor in 0.00 ms.
Unloading 3943 Unused Serialized files (Serialized files now loaded: 0)
System memory in use before: 269.5 MB.
System memory in use after: 269.8 MB.

Unloading 42 unused Assets to reduce memory usage. Loaded Objects now: 4533.
Total: 8.009541 ms (FindLiveObjects: 0.296692 ms CreateObjectMapping: 0.210852 ms MarkObjects: 7.452604 ms  DeleteObjects: 0.048040 ms)

AssetImportParameters requested are different than current active one (requested -> active):
  custom:srp/default-shader: 0d000000000000000000000000000000 -> 00a0da0d000000000000000000000000
========================================================================
Received Prepare
Registering precompiled user dll's ...
Registered in 0.002260 seconds.
Begin MonoManager ReloadAssembly
Native extension for WindowsStandalone target not found
Native extension for OSXStandalone target not found
Native extension for WebGL target not found
Refreshing native plugins compatible for Editor in 0.93 ms, found 1 plugins.
Preloading 0 native plugins for Editor in 0.00 ms.
Mono: successfully reloaded assembly
- Completed reload, in  1.659 seconds
Platform modules already initialized, skipping
Refreshing native plugins compatible for Editor in 0.83 ms, found 1 plugins.
Preloading 0 native plugins for Editor in 0.00 ms.
Unloading 3943 Unused Serialized files (Serialized files now loaded: 0)
System memory in use before: 269.7 MB.
System memory in use after: 269.9 MB.

Unloading 42 unused Assets to reduce memory usage. Loaded Objects now: 4536.
Total: 8.039313 ms (FindLiveObjects: 0.349742 ms CreateObjectMapping: 0.251272 ms MarkObjects: 7.386852 ms  DeleteObjects: 0.050107 ms)

AssetImportParameters requested are different than current active one (requested -> active):
  custom:srp/default-shader: 0d000000000000000000000000000000 -> 00a0da0d000000000000000000000000
========================================================================
Received Prepare
Registering precompiled user dll's ...
Registered in 0.003944 seconds.
Begin MonoManager ReloadAssembly
Native extension for WindowsStandalone target not found
Native extension for OSXStandalone target not found
Native extension for WebGL target not found
Refreshing native plugins compatible for Editor in 0.85 ms, found 1 plugins.
Preloading 0 native plugins for Editor in 0.00 ms.
Mono: successfully reloaded assembly
- Completed reload, in  1.528 seconds
Platform modules already initialized, skipping
Refreshing native plugins compatible for Editor in 0.83 ms, found 1 plugins.
Preloading 0 native plugins for Editor in 0.00 ms.
Unloading 3943 Unused Serialized files (Serialized files now loaded: 0)
System memory in use before: 270.1 MB.
System memory in use after: 270.4 MB.

Unloading 42 unused Assets to reduce memory usage. Loaded Objects now: 4539.
Total: 7.244948 ms (FindLiveObjects: 0.287066 ms CreateObjectMapping: 0.200531 ms MarkObjects: 6.709693 ms  DeleteObjects: 0.046606 ms)

AssetImportParameters requested are different than current active one (requested -> active):
  custom:srp/default-shader: 0d000000000000000000000000000000 -> 00a0da0d000000000000000000000000
========================================================================
Received Prepare
Registering precompiled user dll's ...
Registered in 0.001417 seconds.
Begin MonoManager ReloadAssembly
Native extension for WindowsStandalone target not found
Native extension for OSXStandalone target not found
Native extension for WebGL target not found
Refreshing native plugins compatible for Editor in 0.81 ms, found 1 plugins.
Preloading 0 native plugins for Editor in 0.00 ms.
Mono: successfully reloaded assembly
- Completed reload, in  1.698 seconds
Platform modules already initialized, skipping
Refreshing native plugins compatible for Editor in 0.82 ms, found 1 plugins.
Preloading 0 native plugins for Editor in 0.00 ms.
Unloading 3943 Unused Serialized files (Serialized files now loaded: 0)
System memory in use before: 270.3 MB.
System memory in use after: 270.5 MB.

Unloading 42 unused Assets to reduce memory usage. Loaded Objects now: 4542.
Total: 7.628621 ms (FindLiveObjects: 0.302035 ms CreateObjectMapping: 0.223679 ms MarkObjects: 7.056068 ms  DeleteObjects: 0.045711 ms)

AssetImportParameters requested are different than current active one (requested -> active):
  custom:srp/default-shader: 0d000000000000000000000000000000 -> 00a0da0d000000000000000000000000
========================================================================
Received Prepare
Registering precompiled user dll's ...
Registered in 0.001663 seconds.
Begin MonoManager ReloadAssembly
Native extension for WindowsStandalone target not found
Native extension for OSXStandalone target not found
Native extension for WebGL target not found
Refreshing native plugins compatible for Editor in 0.80 ms, found 1 plugins.
Preloading 0 native plugins for Editor in 0.00 ms.
Mono: successfully reloaded assembly
- Completed reload, in  1.707 seconds
Platform modules already initialized, skipping
Refreshing native plugins compatible for Editor in 0.82 ms, found 1 plugins.
Preloading 0 native plugins for Editor in 0.00 ms.
Unloading 3943 Unused Serialized files (Serialized files now loaded: 0)
System memory in use before: 270.7 MB.
System memory in use after: 271.0 MB.

Unloading 42 unused Assets to reduce memory usage. Loaded Objects now: 4545.
Total: 7.682666 ms (FindLiveObjects: 0.326694 ms CreateObjectMapping: 0.227784 ms MarkObjects: 7.079397 ms  DeleteObjects: 0.047653 ms)

AssetImportParameters requested are different than current active one (requested -> active):
  custom:srp/default-shader: 0d000000000000000000000000000000 -> 00a0da0d000000000000000000000000
========================================================================
Received Import Request.
  Time since last request: 1544.348568 seconds.
  path: Assets/Enemies/Slime.asset
  artifactKey: Guid(9ba6a8b28e370489e97a48de7fd643fd) Importer(815301076,1909f56bfc062723c751e8b465ee728b)
Start importing Assets/Enemies/Slime.asset using Guid(9ba6a8b28e370489e97a48de7fd643fd) Importer(815301076,1909f56bfc062723c751e8b465ee728b)  -> (artifact id: '2a8e851eee06f55db465064021d6940a') in 0.024626 seconds 
========================================================================
Received Prepare
Registering precompiled user dll's ...
Registered in 0.001642 seconds.
Begin MonoManager ReloadAssembly
Native extension for WindowsStandalone target not found
Native extension for OSXStandalone target not found
Native extension for WebGL target not found
Refreshing native plugins compatible for Editor in 1.05 ms, found 1 plugins.
Preloading 0 native plugins for Editor in 0.00 ms.
Mono: successfully reloaded assembly
- Completed reload, in  1.711 seconds
Platform modules already initialized, skipping
Refreshing native plugins compatible for Editor in 0.82 ms, found 1 plugins.
Preloading 0 native plugins for Editor in 0.00 ms.
Unloading 3943 Unused Serialized files (Serialized files now loaded: 0)
System memory in use before: 270.9 MB.
System memory in use after: 271.1 MB.

Unloading 42 unused Assets to reduce memory usage. Loaded Objects now: 4548.
Total: 7.772582 ms (FindLiveObjects: 0.330981 ms CreateObjectMapping: 0.221277 ms MarkObjects: 7.171036 ms  DeleteObjects: 0.047760 ms)

AssetImportParameters requested are different than current active one (requested -> active):
  custom:srp/default-shader: 0d000000000000000000000000000000 -> 00a0da0d000000000000000000000000
========================================================================
Received Prepare
Registering precompiled user dll's ...
Registered in 0.001868 seconds.
Begin MonoManager ReloadAssembly
Native extension for WindowsStandalone target not found
Native extension for OSXStandalone target not found
Native extension for WebGL target not found
Refreshing native plugins compatible for Editor in 0.92 ms, found 1 plugins.
Preloading 0 native plugins for Editor in 0.00 ms.
Mono: successfully reloaded assembly
- Completed reload, in  1.917 seconds
Platform modules already initialized, skipping
Refreshing native plugins compatible for Editor in 0.93 ms, found 1 plugins.
Preloading 0 native plugins for Editor in 0.00 ms.
Unloading 3943 Unused Serialized files (Serialized files now loaded: 0)
System memory in use before: 271.4 MB.
System memory in use after: 271.6 MB.

Unloading 42 unused Assets to reduce memory usage. Loaded Objects now: 4551.
Total: 8.092477 ms (FindLiveObjects: 0.342488 ms CreateObjectMapping: 0.244925 ms MarkObjects: 7.455419 ms  DeleteObjects: 0.048380 ms)

AssetImportParameters requested are different than current active one (requested -> active):
  custom:srp/default-shader: 0d000000000000000000000000000000 -> 00a0da0d000000000000000000000000
========================================================================
Received Prepare
Registering precompiled user dll's ...
Registered in 0.002647 seconds.
Begin MonoManager ReloadAssembly
Native extension for WindowsStandalone target not found
Native extension for OSXStandalone target not found
Native extension for WebGL target not found
Refreshing native plugins compatible for Editor in 1.15 ms, found 1 plugins.
Preloading 0 native plugins for Editor in 0.00 ms.
Mono: successfully reloaded assembly
- Completed reload, in  1.998 seconds
Platform modules already initialized, skipping
Refreshing native plugins compatible for Editor in 1.22 ms, found 1 plugins.
Preloading 0 native plugins for Editor in 0.00 ms.
Unloading 3943 Unused Serialized files (Serialized files now loaded: 0)
System memory in use before: 271.5 MB.
System memory in use after: 271.7 MB.

Unloading 42 unused Assets to reduce memory usage. Loaded Objects now: 4554.
Total: 9.361934 ms (FindLiveObjects: 0.485927 ms CreateObjectMapping: 0.318149 ms MarkObjects: 8.472573 ms  DeleteObjects: 0.083544 ms)

AssetImportParameters requested are different than current active one (requested -> active):
  custom:srp/default-shader: 0d000000000000000000000000000000 -> 00a0da0d000000000000000000000000
========================================================================
Received Prepare
Registering precompiled user dll's ...
Registered in 0.001721 seconds.
Begin MonoManager ReloadAssembly
Native extension for WindowsStandalone target not found
Native extension for OSXStandalone target not found
Native extension for WebGL target not found
Refreshing native plugins compatible for Editor in 1.00 ms, found 1 plugins.
Preloading 0 native plugins for Editor in 0.00 ms.
Mono: successfully reloaded assembly
- Completed reload, in  2.012 seconds
Platform modules already initialized, skipping
Refreshing native plugins compatible for Editor in 1.20 ms, found 1 plugins.
Preloading 0 native plugins for Editor in 0.00 ms.
Unloading 3943 Unused Serialized files (Serialized files now loaded: 0)
System memory in use before: 272.0 MB.
System memory in use after: 272.2 MB.

Unloading 42 unused Assets to reduce memory usage. Loaded Objects now: 4557.
Total: 8.465121 ms (FindLiveObjects: 0.353882 ms CreateObjectMapping: 0.268723 ms MarkObjects: 7.777139 ms  DeleteObjects: 0.064006 ms)

AssetImportParameters requested are different than current active one (requested -> active):
  custom:srp/default-shader: 0d000000000000000000000000000000 -> 00a0da0d000000000000000000000000
========================================================================
Received Prepare
Registering precompiled user dll's ...
Registered in 0.004682 seconds.
Begin MonoManager ReloadAssembly
Native extension for WindowsStandalone target not found
Native extension for OSXStandalone target not found
Native extension for WebGL target not found
Refreshing native plugins compatible for Editor in 1.04 ms, found 1 plugins.
Preloading 0 native plugins for Editor in 0.00 ms.
Mono: successfully reloaded assembly
- Completed reload, in  1.885 seconds
Platform modules already initialized, skipping
Refreshing native plugins compatible for Editor in 1.39 ms, found 1 plugins.
Preloading 0 native plugins for Editor in 0.00 ms.
Unloading 3943 Unused Serialized files (Serialized files now loaded: 0)
System memory in use before: 272.1 MB.
System memory in use after: 272.3 MB.

Unloading 42 unused Assets to reduce memory usage. Loaded Objects now: 4560.
Total: 8.588018 ms (FindLiveObjects: 0.520765 ms CreateObjectMapping: 0.394266 ms MarkObjects: 7.618969 ms  DeleteObjects: 0.052681 ms)

AssetImportParameters requested are different than current active one (requested -> active):
  custom:srp/default-shader: 0d000000000000000000000000000000 -> 00a0da0d000000000000000000000000
========================================================================
Received Prepare
Registering precompiled user dll's ...
Registered in 0.001525 seconds.
Begin MonoManager ReloadAssembly
Native extension for WindowsStandalone target not found
Native extension for OSXStandalone target not found
Native extension for WebGL target not found
Refreshing native plugins compatible for Editor in 0.98 ms, found 1 plugins.
Preloading 0 native plugins for Editor in 0.00 ms.
Mono: successfully reloaded assembly
- Completed reload, in  2.005 seconds
Platform modules already initialized, skipping
Refreshing native plugins compatible for Editor in 0.93 ms, found 1 plugins.
Preloading 0 native plugins for Editor in 0.00 ms.
Unloading 3943 Unused Serialized files (Serialized files now loaded: 0)
System memory in use before: 272.6 MB.
System memory in use after: 272.8 MB.

Unloading 42 unused Assets to reduce memory usage. Loaded Objects now: 4563.
Total: 8.119216 ms (FindLiveObjects: 0.317649 ms CreateObjectMapping: 0.213851 ms MarkObjects: 7.538650 ms  DeleteObjects: 0.047728 ms)

AssetImportParameters requested are different than current active one (requested -> active):
  custom:srp/default-shader: 0d000000000000000000000000000000 -> 00a0da0d000000000000000000000000
========================================================================
Received Prepare
Registering precompiled user dll's ...
Registered in 0.001766 seconds.
Begin MonoManager ReloadAssembly
Native extension for WindowsStandalone target not found
Native extension for OSXStandalone target not found
Native extension for WebGL target not found
Refreshing native plugins compatible for Editor in 0.99 ms, found 1 plugins.
Preloading 0 native plugins for Editor in 0.00 ms.
Mono: successfully reloaded assembly
- Completed reload, in  2.051 seconds
Platform modules already initialized, skipping
Refreshing native plugins compatible for Editor in 0.94 ms, found 1 plugins.
Preloading 0 native plugins for Editor in 0.00 ms.
Unloading 3943 Unused Serialized files (Serialized files now loaded: 0)
System memory in use before: 272.7 MB.
System memory in use after: 272.9 MB.

Unloading 42 unused Assets to reduce memory usage. Loaded Objects now: 4566.
Total: 8.259399 ms (FindLiveObjects: 0.378643 ms CreateObjectMapping: 0.258806 ms MarkObjects: 7.570768 ms  DeleteObjects: 0.048635 ms)

AssetImportParameters requested are different than current active one (requested -> active):
  custom:srp/default-shader: 0d000000000000000000000000000000 -> 00a0da0d000000000000000000000000
========================================================================
Received Prepare
Registering precompiled user dll's ...
Registered in 0.002216 seconds.
Begin MonoManager ReloadAssembly
Native extension for WindowsStandalone target not found
Native extension for OSXStandalone target not found
Native extension for WebGL target not found
Refreshing native plugins compatible for Editor in 1.35 ms, found 1 plugins.
Preloading 0 native plugins for Editor in 0.00 ms.
Mono: successfully reloaded assembly
- Completed reload, in  2.110 seconds
Platform modules already initialized, skipping
Refreshing native plugins compatible for Editor in 0.97 ms, found 1 plugins.
Preloading 0 native plugins for Editor in 0.00 ms.
Unloading 3943 Unused Serialized files (Serialized files now loaded: 0)
System memory in use before: 273.2 MB.
System memory in use after: 273.4 MB.

Unloading 42 unused Assets to reduce memory usage. Loaded Objects now: 4569.
Total: 7.858385 ms (FindLiveObjects: 0.328340 ms CreateObjectMapping: 0.224195 ms MarkObjects: 7.258684 ms  DeleteObjects: 0.046034 ms)

AssetImportParameters requested are different than current active one (requested -> active):
  custom:srp/default-shader: 0d000000000000000000000000000000 -> 00a0da0d000000000000000000000000
========================================================================
Received Import Request.
  Time since last request: 513.528509 seconds.
  path: Assets/Enemies/Slime.asset
  artifactKey: Guid(9ba6a8b28e370489e97a48de7fd643fd) Importer(815301076,1909f56bfc062723c751e8b465ee728b)
Start importing Assets/Enemies/Slime.asset using Guid(9ba6a8b28e370489e97a48de7fd643fd) Importer(815301076,1909f56bfc062723c751e8b465ee728b)  -> (artifact id: '561226cb642d3dccb107cacf2f595e2c') in 0.023479 seconds 
========================================================================
Received Prepare
Registering precompiled user dll's ...
Registered in 0.001725 seconds.
Begin MonoManager ReloadAssembly
Native extension for WindowsStandalone target not found
Native extension for OSXStandalone target not found
Native extension for WebGL target not found
Refreshing native plugins compatible for Editor in 0.97 ms, found 1 plugins.
Preloading 0 native plugins for Editor in 0.00 ms.
Mono: successfully reloaded assembly
- Completed reload, in  1.974 seconds
Platform modules already initialized, skipping
Refreshing native plugins compatible for Editor in 1.09 ms, found 1 plugins.
Preloading 0 native plugins for Editor in 0.00 ms.
Unloading 3943 Unused Serialized files (Serialized files now loaded: 0)
System memory in use before: 273.3 MB.
System memory in use after: 273.5 MB.

Unloading 42 unused Assets to reduce memory usage. Loaded Objects now: 4572.
Total: 7.953259 ms (FindLiveObjects: 0.382224 ms CreateObjectMapping: 0.243170 ms MarkObjects: 7.281186 ms  DeleteObjects: 0.045402 ms)

AssetImportParameters requested are different than current active one (requested -> active):
  custom:srp/default-shader: 0d000000000000000000000000000000 -> 00a0da0d000000000000000000000000
========================================================================
Received Prepare
Registering precompiled user dll's ...
Registered in 0.001909 seconds.
Begin MonoManager ReloadAssembly
Native extension for WindowsStandalone target not found
Native extension for OSXStandalone target not found
Native extension for WebGL target not found
Refreshing native plugins compatible for Editor in 0.83 ms, found 1 plugins.
Preloading 0 native plugins for Editor in 0.00 ms.
Mono: successfully reloaded assembly
- Completed reload, in  1.761 seconds
Platform modules already initialized, skipping
Refreshing native plugins compatible for Editor in 0.96 ms, found 1 plugins.
Preloading 0 native plugins for Editor in 0.00 ms.
Unloading 3943 Unused Serialized files (Serialized files now loaded: 0)
System memory in use before: 273.8 MB.
System memory in use after: 274.0 MB.

Unloading 42 unused Assets to reduce memory usage. Loaded Objects now: 4575.
Total: 8.580072 ms (FindLiveObjects: 0.602069 ms CreateObjectMapping: 0.400067 ms MarkObjects: 7.522661 ms  DeleteObjects: 0.054217 ms)

AssetImportParameters requested are different than current active one (requested -> active):
  custom:srp/default-shader: 0d000000000000000000000000000000 -> 00a0da0d000000000000000000000000
========================================================================
Received Prepare
Registering precompiled user dll's ...
Registered in 0.001791 seconds.
Begin MonoManager ReloadAssembly
Native extension for WindowsStandalone target not found
Native extension for OSXStandalone target not found
Native extension for WebGL target not found
Refreshing native plugins compatible for Editor in 1.16 ms, found 1 plugins.
Preloading 0 native plugins for Editor in 0.00 ms.
Mono: successfully reloaded assembly
- Completed reload, in  2.046 seconds
Platform modules already initialized, skipping
Refreshing native plugins compatible for Editor in 0.98 ms, found 1 plugins.
Preloading 0 native plugins for Editor in 0.00 ms.
Unloading 3943 Unused Serialized files (Serialized files now loaded: 0)
System memory in use before: 273.9 MB.
System memory in use after: 274.1 MB.

Unloading 42 unused Assets to reduce memory usage. Loaded Objects now: 4578.
Total: 7.894134 ms (FindLiveObjects: 0.305312 ms CreateObjectMapping: 0.211292 ms MarkObjects: 7.328744 ms  DeleteObjects: 0.047580 ms)

AssetImportParameters requested are different than current active one (requested -> active):
  custom:srp/default-shader: 0d000000000000000000000000000000 -> 00a0da0d000000000000000000000000
========================================================================
Received Prepare
Registering precompiled user dll's ...
Registered in 0.001896 seconds.
Begin MonoManager ReloadAssembly
Native extension for WindowsStandalone target not found
Native extension for OSXStandalone target not found
Native extension for WebGL target not found
Refreshing native plugins compatible for Editor in 1.05 ms, found 1 plugins.
Preloading 0 native plugins for Editor in 0.00 ms.
Mono: successfully reloaded assembly
- Completed reload, in  2.014 seconds
Platform modules already initialized, skipping
Refreshing native plugins compatible for Editor in 1.00 ms, found 1 plugins.
Preloading 0 native plugins for Editor in 0.00 ms.
Unloading 3943 Unused Serialized files (Serialized files now loaded: 0)
System memory in use before: 274.4 MB.
System memory in use after: 274.6 MB.

Unloading 42 unused Assets to reduce memory usage. Loaded Objects now: 4581.
Total: 8.087869 ms (FindLiveObjects: 0.334763 ms CreateObjectMapping: 0.239061 ms MarkObjects: 7.459325 ms  DeleteObjects: 0.053540 ms)

AssetImportParameters requested are different than current active one (requested -> active):
  custom:srp/default-shader: 0d000000000000000000000000000000 -> 00a0da0d000000000000000000000000
========================================================================
Received Prepare
Registering precompiled user dll's ...
Registered in 0.001928 seconds.
Begin MonoManager ReloadAssembly
Native extension for WindowsStandalone target not found
Native extension for OSXStandalone target not found
Native extension for WebGL target not found
Refreshing native plugins compatible for Editor in 0.96 ms, found 1 plugins.
Preloading 0 native plugins for Editor in 0.00 ms.
Mono: successfully reloaded assembly
- Completed reload, in  2.010 seconds
Platform modules already initialized, skipping
Refreshing native plugins compatible for Editor in 1.31 ms, found 1 plugins.
Preloading 0 native plugins for Editor in 0.00 ms.
Unloading 3943 Unused Serialized files (Serialized files now loaded: 0)
System memory in use before: 274.5 MB.
System memory in use after: 274.7 MB.

Unloading 42 unused Assets to reduce memory usage. Loaded Objects now: 4584.
Total: 8.519754 ms (FindLiveObjects: 0.337845 ms CreateObjectMapping: 0.287046 ms MarkObjects: 7.832024 ms  DeleteObjects: 0.061162 ms)

AssetImportParameters requested are different than current active one (requested -> active):
  custom:srp/default-shader: 0d000000000000000000000000000000 -> 00a0da0d000000000000000000000000
========================================================================
Received Prepare
Registering precompiled user dll's ...
Registered in 0.001798 seconds.
Begin MonoManager ReloadAssembly
Native extension for WindowsStandalone target not found
Native extension for OSXStandalone target not found
Native extension for WebGL target not found
Refreshing native plugins compatible for Editor in 1.00 ms, found 1 plugins.
Preloading 0 native plugins for Editor in 0.00 ms.
Mono: successfully reloaded assembly
- Completed reload, in  1.997 seconds
Platform modules already initialized, skipping
Refreshing native plugins compatible for Editor in 0.99 ms, found 1 plugins.
Preloading 0 native plugins for Editor in 0.00 ms.
Unloading 3943 Unused Serialized files (Serialized files now loaded: 0)
System memory in use before: 275.0 MB.
System memory in use after: 275.2 MB.

Unloading 42 unused Assets to reduce memory usage. Loaded Objects now: 4587.
Total: 8.112943 ms (FindLiveObjects: 0.310993 ms CreateObjectMapping: 0.216350 ms MarkObjects: 7.531951 ms  DeleteObjects: 0.052529 ms)

========================================================================
Received Prepare
Refreshing native plugins compatible for Editor in 6.36 ms, found 1 plugins.
Preloading 0 native plugins for Editor in 0.00 ms.
Unloading 39 Unused Serialized files (Serialized files now loaded: 0)
System memory in use before: 197.9 MB.
System memory in use after: 198.1 MB.

Unloading 39 unused Assets to reduce memory usage. Loaded Objects now: 4587.
Total: 7.818806 ms (FindLiveObjects: 0.343456 ms CreateObjectMapping: 0.236839 ms MarkObjects: 7.189708 ms  DeleteObjects: 0.047609 ms)

AssetImportParameters requested are different than current active one (requested -> active):
  custom:srp/default-shader: 0d000000000000000000000000000000 -> 00a0da0d000000000000000000000000
========================================================================
Received Import Request.
  Time since last request: 581.211962 seconds.
  path: Assets/Enemies/Attack.asset
  artifactKey: Guid(43749a990b5f84024b13888d320e0053) Importer(815301076,1909f56bfc062723c751e8b465ee728b)
Start importing Assets/Enemies/Attack.asset using Guid(43749a990b5f84024b13888d320e0053) Importer(815301076,1909f56bfc062723c751e8b465ee728b)  -> (artifact id: 'f5a7da7521ba1efa9fc77157973c1d31') in 0.020618 seconds 
========================================================================
Received Prepare
Registering precompiled user dll's ...
Registered in 0.002034 seconds.
Begin MonoManager ReloadAssembly
Native extension for WindowsStandalone target not found
Native extension for OSXStandalone target not found
Native extension for WebGL target not found
Refreshing native plugins compatible for Editor in 0.97 ms, found 1 plugins.
Preloading 0 native plugins for Editor in 0.00 ms.
Mono: successfully reloaded assembly
- Completed reload, in  1.918 seconds
Platform modules already initialized, skipping
Refreshing native plugins compatible for Editor in 0.93 ms, found 1 plugins.
Preloading 0 native plugins for Editor in 0.00 ms.
Unloading 3944 Unused Serialized files (Serialized files now loaded: 0)
System memory in use before: 275.1 MB.
System memory in use after: 275.4 MB.

Unloading 42 unused Assets to reduce memory usage. Loaded Objects now: 4590.
Total: 7.971373 ms (FindLiveObjects: 0.331571 ms CreateObjectMapping: 0.223947 ms MarkObjects: 7.365596 ms  DeleteObjects: 0.048690 ms)

AssetImportParameters requested are different than current active one (requested -> active):
  custom:srp/default-shader: 0d000000000000000000000000000000 -> 00a0da0d000000000000000000000000
========================================================================
Received Prepare
Registering precompiled user dll's ...
Registered in 0.001738 seconds.
Begin MonoManager ReloadAssembly
Native extension for WindowsStandalone target not found
Native extension for OSXStandalone target not found
Native extension for WebGL target not found
Refreshing native plugins compatible for Editor in 0.82 ms, found 1 plugins.
Preloading 0 native plugins for Editor in 0.00 ms.
Mono: successfully reloaded assembly
- Completed reload, in  1.827 seconds
Platform modules already initialized, skipping
Refreshing native plugins compatible for Editor in 0.96 ms, found 1 plugins.
Preloading 0 native plugins for Editor in 0.00 ms.
Unloading 3944 Unused Serialized files (Serialized files now loaded: 0)
System memory in use before: 275.6 MB.
System memory in use after: 275.9 MB.

Unloading 42 unused Assets to reduce memory usage. Loaded Objects now: 4594.
Total: 7.991429 ms (FindLiveObjects: 0.360665 ms CreateObjectMapping: 0.296210 ms MarkObjects: 7.281933 ms  DeleteObjects: 0.051435 ms)

AssetImportParameters requested are different than current active one (requested -> active):
  custom:srp/default-shader: 0d000000000000000000000000000000 -> 00a0da0d000000000000000000000000
========================================================================
Received Prepare
Registering precompiled user dll's ...
Registered in 0.002038 seconds.
Begin MonoManager ReloadAssembly
Native extension for WindowsStandalone target not found
Native extension for OSXStandalone target not found
Native extension for WebGL target not found
Refreshing native plugins compatible for Editor in 1.01 ms, found 1 plugins.
Preloading 0 native plugins for Editor in 0.00 ms.
Mono: successfully reloaded assembly
- Completed reload, in  1.964 seconds
Platform modules already initialized, skipping
Refreshing native plugins compatible for Editor in 1.02 ms, found 1 plugins.
Preloading 0 native plugins for Editor in 0.00 ms.
Unloading 3944 Unused Serialized files (Serialized files now loaded: 0)
System memory in use before: 275.7 MB.
System memory in use after: 275.9 MB.

Unloading 42 unused Assets to reduce memory usage. Loaded Objects now: 4597.
Total: 7.973885 ms (FindLiveObjects: 0.313839 ms CreateObjectMapping: 0.229136 ms MarkObjects: 7.370794 ms  DeleteObjects: 0.058743 ms)

========================================================================
Received Prepare
Refreshing native plugins compatible for Editor in 14.52 ms, found 1 plugins.
Preloading 0 native plugins for Editor in 0.00 ms.
Unloading 39 Unused Serialized files (Serialized files now loaded: 0)
System memory in use before: 198.6 MB.
System memory in use after: 198.8 MB.

Unloading 39 unused Assets to reduce memory usage. Loaded Objects now: 4597.
Total: 8.054799 ms (FindLiveObjects: 0.350873 ms CreateObjectMapping: 0.263655 ms MarkObjects: 7.387156 ms  DeleteObjects: 0.051816 ms)

AssetImportParameters requested are different than current active one (requested -> active):
  custom:srp/default-shader: 0d000000000000000000000000000000 -> 00a0da0d000000000000000000000000
========================================================================
Received Import Request.
  Time since last request: 123.947534 seconds.
  path: Assets/Enemies/Attack.asset
  artifactKey: Guid(43749a990b5f84024b13888d320e0053) Importer(815301076,1909f56bfc062723c751e8b465ee728b)
Start importing Assets/Enemies/Attack.asset using Guid(43749a990b5f84024b13888d320e0053) Importer(815301076,1909f56bfc062723c751e8b465ee728b)  -> (artifact id: '6f218b0b67155b697e78c43372a90c6f') in 0.020528 seconds 
========================================================================
Received Prepare
Registering precompiled user dll's ...
Registered in 0.002150 seconds.
Begin MonoManager ReloadAssembly
Native extension for WindowsStandalone target not found
Native extension for OSXStandalone target not found
Native extension for WebGL target not found
Refreshing native plugins compatible for Editor in 1.01 ms, found 1 plugins.
Preloading 0 native plugins for Editor in 0.00 ms.
Mono: successfully reloaded assembly
- Completed reload, in  1.745 seconds
Platform modules already initialized, skipping
Refreshing native plugins compatible for Editor in 0.98 ms, found 1 plugins.
Preloading 0 native plugins for Editor in 0.00 ms.
Unloading 3944 Unused Serialized files (Serialized files now loaded: 0)
System memory in use before: 276.3 MB.
System memory in use after: 276.5 MB.

Unloading 42 unused Assets to reduce memory usage. Loaded Objects now: 4600.
Total: 8.351279 ms (FindLiveObjects: 0.317879 ms CreateObjectMapping: 0.219433 ms MarkObjects: 7.759430 ms  DeleteObjects: 0.053186 ms)

========================================================================
Received Prepare
Refreshing native plugins compatible for Editor in 16.15 ms, found 1 plugins.
Preloading 0 native plugins for Editor in 0.00 ms.
Unloading 39 Unused Serialized files (Serialized files now loaded: 0)
System memory in use before: 199.1 MB.
System memory in use after: 199.4 MB.

Unloading 39 unused Assets to reduce memory usage. Loaded Objects now: 4600.
Total: 8.019760 ms (FindLiveObjects: 0.428021 ms CreateObjectMapping: 0.324866 ms MarkObjects: 7.214939 ms  DeleteObjects: 0.050629 ms)

AssetImportParameters requested are different than current active one (requested -> active):
  custom:srp/default-shader: 0d000000000000000000000000000000 -> 00a0da0d000000000000000000000000
========================================================================
Received Prepare
Registering precompiled user dll's ...
Registered in 0.001740 seconds.
Begin MonoManager ReloadAssembly
Native extension for WindowsStandalone target not found
Native extension for OSXStandalone target not found
Native extension for WebGL target not found
Refreshing native plugins compatible for Editor in 0.93 ms, found 1 plugins.
Preloading 0 native plugins for Editor in 0.00 ms.
Mono: successfully reloaded assembly
- Completed reload, in  2.008 seconds
Platform modules already initialized, skipping
Refreshing native plugins compatible for Editor in 1.00 ms, found 1 plugins.
Preloading 0 native plugins for Editor in 0.00 ms.
Unloading 3944 Unused Serialized files (Serialized files now loaded: 0)
System memory in use before: 276.5 MB.
System memory in use after: 276.7 MB.

Unloading 42 unused Assets to reduce memory usage. Loaded Objects now: 4603.
Total: 8.029487 ms (FindLiveObjects: 0.329939 ms CreateObjectMapping: 0.206597 ms MarkObjects: 7.438090 ms  DeleteObjects: 0.053672 ms)

AssetImportParameters requested are different than current active one (requested -> active):
  custom:srp/default-shader: 0d000000000000000000000000000000 -> 00a0da0d000000000000000000000000
========================================================================
Received Prepare
Registering precompiled user dll's ...
Registered in 0.001955 seconds.
Begin MonoManager ReloadAssembly
Native extension for WindowsStandalone target not found
Native extension for OSXStandalone target not found
Native extension for WebGL target not found
Refreshing native plugins compatible for Editor in 0.92 ms, found 1 plugins.
Preloading 0 native plugins for Editor in 0.00 ms.
Mono: successfully reloaded assembly
- Completed reload, in  1.948 seconds
Platform modules already initialized, skipping
Refreshing native plugins compatible for Editor in 0.93 ms, found 1 plugins.
Preloading 0 native plugins for Editor in 0.00 ms.
Unloading 3944 Unused Serialized files (Serialized files now loaded: 0)
System memory in use before: 276.9 MB.
System memory in use after: 277.2 MB.

Unloading 42 unused Assets to reduce memory usage. Loaded Objects now: 4606.
Total: 8.087685 ms (FindLiveObjects: 0.335714 ms CreateObjectMapping: 0.214445 ms MarkObjects: 7.487086 ms  DeleteObjects: 0.049308 ms)

AssetImportParameters requested are different than current active one (requested -> active):
  custom:srp/default-shader: 0d000000000000000000000000000000 -> 00a0da0d000000000000000000000000
========================================================================
Received Prepare
Registering precompiled user dll's ...
Registered in 0.003767 seconds.
Begin MonoManager ReloadAssembly
Native extension for WindowsStandalone target not found
Native extension for OSXStandalone target not found
Native extension for WebGL target not found
Refreshing native plugins compatible for Editor in 1.02 ms, found 1 plugins.
Preloading 0 native plugins for Editor in 0.00 ms.
Mono: successfully reloaded assembly
- Completed reload, in  2.159 seconds
Platform modules already initialized, skipping
Script is not up to date after domain reload: guid(f699d78f26e274c97acf473309f31a9c) path("Assets/Scripts/Internal/Scriptable Objects/EnemySO.cs") state(2)
Refreshing native plugins compatible for Editor in 1.03 ms, found 1 plugins.
Preloading 0 native plugins for Editor in 0.00 ms.
Unloading 3944 Unused Serialized files (Serialized files now loaded: 0)
System memory in use before: 277.1 MB.
System memory in use after: 277.3 MB.

Unloading 42 unused Assets to reduce memory usage. Loaded Objects now: 4611.
Total: 8.608007 ms (FindLiveObjects: 0.341189 ms CreateObjectMapping: 0.225694 ms MarkObjects: 7.976159 ms  DeleteObjects: 0.063252 ms)

AssetImportParameters requested are different than current active one (requested -> active):
  custom:srp/default-shader: 0d000000000000000000000000000000 -> 00a0da0d000000000000000000000000
========================================================================
Received Prepare
Registering precompiled user dll's ...
Registered in 0.002309 seconds.
Begin MonoManager ReloadAssembly
Native extension for WindowsStandalone target not found
Native extension for OSXStandalone target not found
Native extension for WebGL target not found
Refreshing native plugins compatible for Editor in 1.00 ms, found 1 plugins.
Preloading 0 native plugins for Editor in 0.00 ms.
Mono: successfully reloaded assembly
- Completed reload, in  2.051 seconds
Platform modules already initialized, skipping
Refreshing native plugins compatible for Editor in 1.02 ms, found 1 plugins.
Preloading 0 native plugins for Editor in 0.00 ms.
Unloading 3944 Unused Serialized files (Serialized files now loaded: 0)
System memory in use before: 277.6 MB.
System memory in use after: 277.8 MB.

Unloading 42 unused Assets to reduce memory usage. Loaded Objects now: 4616.
Total: 8.640180 ms (FindLiveObjects: 0.323318 ms CreateObjectMapping: 0.221634 ms MarkObjects: 8.011020 ms  DeleteObjects: 0.081876 ms)

AssetImportParameters requested are different than current active one (requested -> active):
  custom:srp/default-shader: 0d000000000000000000000000000000 -> 00a0da0d000000000000000000000000
========================================================================
Received Prepare
Registering precompiled user dll's ...
Registered in 0.002575 seconds.
Begin MonoManager ReloadAssembly
Native extension for WindowsStandalone target not found
Native extension for OSXStandalone target not found
Native extension for WebGL target not found
Refreshing native plugins compatible for Editor in 0.96 ms, found 1 plugins.
Preloading 0 native plugins for Editor in 0.00 ms.
Mono: successfully reloaded assembly
- Completed reload, in  2.052 seconds
Platform modules already initialized, skipping
Refreshing native plugins compatible for Editor in 1.00 ms, found 1 plugins.
Preloading 0 native plugins for Editor in 0.00 ms.
Unloading 3944 Unused Serialized files (Serialized files now loaded: 0)
System memory in use before: 277.6 MB.
System memory in use after: 277.9 MB.

Unloading 42 unused Assets to reduce memory usage. Loaded Objects now: 4619.
Total: 8.837431 ms (FindLiveObjects: 0.314612 ms CreateObjectMapping: 0.218602 ms MarkObjects: 8.254378 ms  DeleteObjects: 0.048624 ms)

AssetImportParameters requested are different than current active one (requested -> active):
  custom:srp/default-shader: 0d000000000000000000000000000000 -> 00a0da0d000000000000000000000000
========================================================================
Received Import Request.
  Time since last request: 558.927616 seconds.
  path: Assets/Prefabs/TurnMeter.prefab
  artifactKey: Guid(ee31ca28332b347229763d621f6fe01a) Importer(815301076,1909f56bfc062723c751e8b465ee728b)
Start importing Assets/Prefabs/TurnMeter.prefab using Guid(ee31ca28332b347229763d621f6fe01a) Importer(815301076,1909f56bfc062723c751e8b465ee728b)  -> (artifact id: 'a92f48684adf1dc13e998d3c3f362410') in 0.302793 seconds 
========================================================================
Received Import Request.
  Time since last request: 6.087213 seconds.
  path: Assets/Scripts/Internal/PlayerInput.inputactions
  artifactKey: Guid(cf07c321026ee4c66b66a0023abed929) Importer(815301076,1909f56bfc062723c751e8b465ee728b)
Start importing Assets/Scripts/Internal/PlayerInput.inputactions using Guid(cf07c321026ee4c66b66a0023abed929) Importer(815301076,1909f56bfc062723c751e8b465ee728b)  -> (artifact id: '72a1721f4a88e62fc41025d9f3680d84') in 0.238777 seconds 
========================================================================
Received Import Request.
  Time since last request: 24.861079 seconds.
  path: Assets/Scripts/Internal/Scriptable Objects
  artifactKey: Guid(1f338b6c6384f4bb2b907c5888cdd941) Importer(815301076,1909f56bfc062723c751e8b465ee728b)
Start importing Assets/Scripts/Internal/Scriptable Objects using Guid(1f338b6c6384f4bb2b907c5888cdd941) Importer(815301076,1909f56bfc062723c751e8b465ee728b)  -> (artifact id: 'f5e2962800578d50fc7aa5f57e7fbdc2') in 0.001607 seconds 
========================================================================
Received Import Request.
  Time since last request: 1.361284 seconds.
  path: Assets/Scripts/Internal/Scriptable Objects/ActionSO.cs
  artifactKey: Guid(4e09cb0b45a7f4c56a3a7347a707bdc4) Importer(815301076,1909f56bfc062723c751e8b465ee728b)
Start importing Assets/Scripts/Internal/Scriptable Objects/ActionSO.cs using Guid(4e09cb0b45a7f4c56a3a7347a707bdc4) Importer(815301076,1909f56bfc062723c751e8b465ee728b)  -> (artifact id: '69f19a4e4927e32990066fea4e603a19') in 0.215823 seconds 
========================================================================
Received Import Request.
  Time since last request: 12.654177 seconds.
  path: Assets/Scenes/BattleScene/Volume Profile.asset
  artifactKey: Guid(d21704643944641949cbd8b5b63d59ce) Importer(815301076,1909f56bfc062723c751e8b465ee728b)
Start importing Assets/Scenes/BattleScene/Volume Profile.asset using Guid(d21704643944641949cbd8b5b63d59ce) Importer(815301076,1909f56bfc062723c751e8b465ee728b)  -> (artifact id: '0269d608523c2814770a28300cd36ee3') in 0.011481 seconds 
========================================================================
Received Import Request.
  Time since last request: 24.063144 seconds.
  path: Assets/Slime.asset
  artifactKey: Guid(3659802ca4e5740c994e9512124223ec) Importer(815301076,1909f56bfc062723c751e8b465ee728b)
Start importing Assets/Slime.asset using Guid(3659802ca4e5740c994e9512124223ec) Importer(815301076,1909f56bfc062723c751e8b465ee728b)  -> (artifact id: '9cb933112a8cc95b6ece0202374b90bd') in 0.004877 seconds 
========================================================================
Received Prepare
Registering precompiled user dll's ...
Registered in 0.004397 seconds.
Begin MonoManager ReloadAssembly
Native extension for WindowsStandalone target not found
Native extension for OSXStandalone target not found
Native extension for WebGL target not found
Refreshing native plugins compatible for Editor in 0.84 ms, found 1 plugins.
Preloading 0 native plugins for Editor in 0.00 ms.
Mono: successfully reloaded assembly
- Completed reload, in  1.659 seconds
Platform modules already initialized, skipping
Refreshing native plugins compatible for Editor in 0.83 ms, found 1 plugins.
Preloading 0 native plugins for Editor in 0.00 ms.
Unloading 3944 Unused Serialized files (Serialized files now loaded: 0)
System memory in use before: 291.1 MB.
System memory in use after: 291.4 MB.

Unloading 42 unused Assets to reduce memory usage. Loaded Objects now: 4622.
Total: 7.808126 ms (FindLiveObjects: 0.311689 ms CreateObjectMapping: 0.207048 ms MarkObjects: 7.241586 ms  DeleteObjects: 0.046647 ms)

AssetImportParameters requested are different than current active one (requested -> active):
  custom:srp/default-shader: 0d000000000000000000000000000000 -> 00a0da0d000000000000000000000000
========================================================================
Received Import Request.
  Time since last request: 156.355074 seconds.
  path: Assets/Prefabs/TurnMeter.prefab
  artifactKey: Guid(ee31ca28332b347229763d621f6fe01a) Importer(815301076,1909f56bfc062723c751e8b465ee728b)
Start importing Assets/Prefabs/TurnMeter.prefab using Guid(ee31ca28332b347229763d621f6fe01a) Importer(815301076,1909f56bfc062723c751e8b465ee728b)  -> (artifact id: 'a92f48684adf1dc13e998d3c3f362410') in 0.050417 seconds 
========================================================================
Received Import Request.
  Time since last request: 12.113113 seconds.
  path: Assets/Scripts/Internal/Scriptable Objects/EnemySO.cs
  artifactKey: Guid(f699d78f26e274c97acf473309f31a9c) Importer(815301076,1909f56bfc062723c751e8b465ee728b)
Start importing Assets/Scripts/Internal/Scriptable Objects/EnemySO.cs using Guid(f699d78f26e274c97acf473309f31a9c) Importer(815301076,1909f56bfc062723c751e8b465ee728b)  -> (artifact id: 'd78f3aaeab10e3f4b3c8b505aa125682') in 0.002551 seconds 
========================================================================
Received Import Request.
  Time since last request: 0.391203 seconds.
  path: Assets/Scripts/Internal/Scriptable Objects/ItemSO.cs
  artifactKey: Guid(c2f031301fc054aedafe806f53bbf7a6) Importer(815301076,1909f56bfc062723c751e8b465ee728b)
Start importing Assets/Scripts/Internal/Scriptable Objects/ItemSO.cs using Guid(c2f031301fc054aedafe806f53bbf7a6) Importer(815301076,1909f56bfc062723c751e8b465ee728b)  -> (artifact id: '547d466e579422311ba00e50ffe29a9f') in 0.002157 seconds 
========================================================================
Received Prepare
Registering precompiled user dll's ...
Registered in 0.004720 seconds.
Begin MonoManager ReloadAssembly
Native extension for WindowsStandalone target not found
Native extension for OSXStandalone target not found
Native extension for WebGL target not found
Refreshing native plugins compatible for Editor in 0.80 ms, found 1 plugins.
Preloading 0 native plugins for Editor in 0.00 ms.
Mono: successfully reloaded assembly
- Completed reload, in  1.615 seconds
Platform modules already initialized, skipping
Refreshing native plugins compatible for Editor in 0.86 ms, found 1 plugins.
Preloading 0 native plugins for Editor in 0.00 ms.
Unloading 3944 Unused Serialized files (Serialized files now loaded: 0)
System memory in use before: 291.4 MB.
System memory in use after: 291.7 MB.

Unloading 42 unused Assets to reduce memory usage. Loaded Objects now: 4625.
Total: 7.852119 ms (FindLiveObjects: 0.324783 ms CreateObjectMapping: 0.229638 ms MarkObjects: 7.248592 ms  DeleteObjects: 0.047814 ms)

AssetImportParameters requested are different than current active one (requested -> active):
  custom:srp/default-shader: 0d000000000000000000000000000000 -> 00a0da0d000000000000000000000000
========================================================================
Received Import Request.
  Time since last request: 101.473266 seconds.
  path: Assets/Scripts/Internal/ChangeEntitySprite.cs
  artifactKey: Guid(1e04174b2891d43c98cd79650ac79a45) Importer(815301076,1909f56bfc062723c751e8b465ee728b)
Start importing Assets/Scripts/Internal/ChangeEntitySprite.cs using Guid(1e04174b2891d43c98cd79650ac79a45) Importer(815301076,1909f56bfc062723c751e8b465ee728b)  -> (artifact id: '278e432a9ad44c2c3a0d30a118d96a03') in 0.007394 seconds 
========================================================================
Received Prepare
Registering precompiled user dll's ...
Registered in 0.002651 seconds.
Begin MonoManager ReloadAssembly
Native extension for WindowsStandalone target not found
Native extension for OSXStandalone target not found
Native extension for WebGL target not found
Refreshing native plugins compatible for Editor in 0.98 ms, found 1 plugins.
Preloading 0 native plugins for Editor in 0.00 ms.
Mono: successfully reloaded assembly
- Completed reload, in  2.085 seconds
Platform modules already initialized, skipping
Refreshing native plugins compatible for Editor in 0.99 ms, found 1 plugins.
Preloading 0 native plugins for Editor in 0.00 ms.
Unloading 3944 Unused Serialized files (Serialized files now loaded: 0)
System memory in use before: 291.8 MB.
System memory in use after: 292.0 MB.

Unloading 42 unused Assets to reduce memory usage. Loaded Objects now: 4628.
Total: 8.006631 ms (FindLiveObjects: 0.362578 ms CreateObjectMapping: 0.289320 ms MarkObjects: 7.305885 ms  DeleteObjects: 0.047655 ms)

AssetImportParameters requested are different than current active one (requested -> active):
  custom:srp/default-shader: 0d000000000000000000000000000000 -> 00a0da0d000000000000000000000000
========================================================================
Received Import Request.
  Time since last request: 39.309372 seconds.
  path: Assets/Prefabs/TurnMeter.prefab
  artifactKey: Guid(ee31ca28332b347229763d621f6fe01a) Importer(815301076,1909f56bfc062723c751e8b465ee728b)
Start importing Assets/Prefabs/TurnMeter.prefab using Guid(ee31ca28332b347229763d621f6fe01a) Importer(815301076,1909f56bfc062723c751e8b465ee728b)  -> (artifact id: 'a92f48684adf1dc13e998d3c3f362410') in 0.050811 seconds 
========================================================================
Received Import Request.
  Time since last request: 7.647402 seconds.
  path: Assets/Prefabs/TurnMeter.prefab
  artifactKey: Guid(ee31ca28332b347229763d621f6fe01a) Importer(815301076,1909f56bfc062723c751e8b465ee728b)
Start importing Assets/Prefabs/TurnMeter.prefab using Guid(ee31ca28332b347229763d621f6fe01a) Importer(815301076,1909f56bfc062723c751e8b465ee728b)  -> (artifact id: 'ff75dd4aa62681a8e3c3b22476d78285') in 0.004548 seconds 
========================================================================
Received Import Request.
  Time since last request: 6.840217 seconds.
  path: Assets/Prefabs/TurnMeter.prefab
  artifactKey: Guid(ee31ca28332b347229763d621f6fe01a) Importer(815301076,1909f56bfc062723c751e8b465ee728b)
Start importing Assets/Prefabs/TurnMeter.prefab using Guid(ee31ca28332b347229763d621f6fe01a) Importer(815301076,1909f56bfc062723c751e8b465ee728b)  -> (artifact id: 'b4d47ecef1ee9215d690e7899f2eed01') in 0.004567 seconds 
========================================================================
Received Prepare
Registering precompiled user dll's ...
Registered in 0.001799 seconds.
Begin MonoManager ReloadAssembly
Native extension for WindowsStandalone target not found
Native extension for OSXStandalone target not found
Native extension for WebGL target not found
Refreshing native plugins compatible for Editor in 1.03 ms, found 1 plugins.
Preloading 0 native plugins for Editor in 0.00 ms.
Mono: successfully reloaded assembly
- Completed reload, in  1.563 seconds
Platform modules already initialized, skipping
Refreshing native plugins compatible for Editor in 0.82 ms, found 1 plugins.
Preloading 0 native plugins for Editor in 0.00 ms.
Unloading 3944 Unused Serialized files (Serialized files now loaded: 0)
System memory in use before: 291.9 MB.
System memory in use after: 292.2 MB.

Unloading 42 unused Assets to reduce memory usage. Loaded Objects now: 4631.
Total: 7.803966 ms (FindLiveObjects: 0.321246 ms CreateObjectMapping: 0.213842 ms MarkObjects: 7.220040 ms  DeleteObjects: 0.047216 ms)

AssetImportParameters requested are different than current active one (requested -> active):
  custom:srp/default-shader: 0d000000000000000000000000000000 -> 00a0da0d000000000000000000000000
AssetImportWorkerClient::OnTransportError - code=2 error=End of file
